# JRE version: OpenJDK Runtime Environment JBR-11.0.14.1.1-2043.25-jcef (11.0.14.1+1) (build 11.0.14.1+1-b2043.25)
# Java VM: OpenJDK 64-Bit Server VM JBR-11.0.14.1.1-2043.25-jcef (11.0.14.1+1-b2043.25, mixed mode, tiered, compressed oops, g1 gc, windows-amd64)
Heap:
 garbage-first heap   total 131072K, used 7657K [0x00000000d1200000, 0x0000000100000000)
  region size 1024K, 2 young (2048K), 0 survivors (0K)
 Metaspace       used 22159K, capacity 22791K, committed 22960K, reserved 1069056K
  class space    used 2279K, capacity 2526K, committed 2560K, reserved 1048576K
GC Heap History (6 events):
Event: 1.927 GC heap before
{Heap before GC invocations=0 (full 0):
 garbage-first heap   total 131072K, used 23552K [0x00000000d1200000, 0x0000000100000000)
  region size 1024K, 24 young (24576K), 0 survivors (0K)
 Metaspace       used 15839K, capacity 16395K, committed 16512K, reserved 1064960K
  class space    used 1666K, capacity 1913K, committed 1920K, reserved 1048576K
}
Event: 1.937 GC heap after
{Heap after GC invocations=1 (full 0):
 garbage-first heap   total 131072K, used 5395K [0x00000000d1200000, 0x0000000100000000)
  region size 1024K, 3 young (3072K), 3 survivors (3072K)
 Metaspace       used 15839K, capacity 16395K, committed 16512K, reserved 1064960K
  class space    used 1666K, capacity 1913K, committed 1920K, reserved 1048576K
}
Event: 2.327 GC heap before
{Heap before GC invocations=1 (full 0):
 garbage-first heap   total 131072K, used 12563K [0x00000000d1200000, 0x0000000100000000)
  region size 1024K, 11 young (11264K), 3 survivors (3072K)
 Metaspace       used 20604K, capacity 21190K, committed 21296K, reserved 1069056K
  class space    used 2173K, capacity 2417K, committed 2432K, reserved 1048576K
}
Event: 2.335 GC heap after
{Heap after GC invocations=2 (full 0):
 garbage-first heap   total 131072K, used 6627K [0x00000000d1200000, 0x0000000100000000)
  region size 1024K, 2 young (2048K), 2 survivors (2048K)
 Metaspace       used 20604K, capacity 21190K, committed 21296K, reserved 1069056K
  class space    used 2173K, capacity 2417K, committed 2432K, reserved 1048576K
}
Event: 3602.337 GC heap before
{Heap before GC invocations=3 (full 0):
 garbage-first heap   total 131072K, used 40419K [0x00000000d1200000, 0x0000000100000000)
  region size 1024K, 36 young (36864K), 2 survivors (2048K)
 Metaspace       used 22162K, capacity 22797K, committed 22960K, reserved 1069056K
  class space    used 2280K, capacity 2528K, committed 2560K, reserved 1048576K
}
Event: 3602.409 GC heap after
{Heap after GC invocations=4 (full 1):
 garbage-first heap   total 131072K, used 6633K [0x00000000d1200000, 0x0000000100000000)
  region size 1024K, 0 young (0K), 0 survivors (0K)
 Metaspace       used 22159K, capacity 22791K, committed 22960K, reserved 1069056K
  class space    used 2279K, capacity 2526K, committed 2560K, reserved 1048576K
}

